This is pdfTeX, Version 3.1415926-2.5-1.40.14 (MiKTeX 2.9) (preloaded format=pdflatex 2013.12.8)  2 APR 2015 18:26
entering extended mode
**E:/10*sem/РјРµС‚РѕРґС‹*РІС‹С‡РёСЃР»РµРЅРёР№/lab2/lab2.tex
("E:/10 sem/РјРµС‚РѕРґС‹ РІС‹С‡РёСЃР»РµРЅРёР№/lab2/lab2.tex"
LaTeX2e <2011/06/27>
Babel <v3.8m> and hyphenation patterns for english, afrikaans, ancientgreek, ar
abic, armenian, assamese, basque, bengali, bokmal, bulgarian, catalan, coptic, 
croatian, czech, danish, dutch, esperanto, estonian, farsi, finnish, french, ga
lician, german, german-x-2013-05-26, greek, gujarati, hindi, hungarian, iceland
ic, indonesian, interlingua, irish, italian, kannada, kurmanji, latin, latvian,
 lithuanian, malayalam, marathi, mongolian, mongolianlmc, monogreek, ngerman, n
german-x-2013-05-26, nynorsk, oriya, panjabi, pinyin, polish, portuguese, roman
ian, russian, sanskrit, serbian, slovak, slovenian, spanish, swedish, swissgerm
an, tamil, telugu, turkish, turkmen, ukenglish, ukrainian, uppersorbian, usengl
ishmax, welsh, loaded.
(C:\Full_TeX\texmf\tex\latex\base\article.cls
Document Class: article 2007/10/19 v1.4h Standard LaTeX document class
(C:\Full_TeX\texmf\tex\latex\base\size10.clo
File: size10.clo 2007/10/19 v1.4h Standard LaTeX file (size option)
)
\c@part=\count79
\c@section=\count80
\c@subsection=\count81
\c@subsubsection=\count82
\c@paragraph=\count83
\c@subparagraph=\count84
\c@figure=\count85
\c@table=\count86
\abovecaptionskip=\skip41
\belowcaptionskip=\skip42
\bibindent=\dimen102
)
(C:\Full_TeX\texmf\tex\latex\base\fontenc.sty
Package: fontenc 2005/09/27 v1.99g Standard LaTeX package

(C:\Full_TeX\texmf\tex\latex\cyrillic\t2aenc.def
File: t2aenc.def 2005/09/27 v1.0i Cyrillic encoding definition file
)
LaTeX Font Info:    Try loading font information for T2A+cmr on input line 100.


(C:\Full_TeX\texmf\tex\latex\cyrillic\t2acmr.fd
File: t2acmr.fd 2001/08/11 v1.0a Computer Modern Cyrillic font definitions
))
(C:\Full_TeX\texmf\tex\latex\base\inputenc.sty
Package: inputenc 2008/03/30 v1.1d Input encoding file
\inpenc@prehook=\toks14
\inpenc@posthook=\toks15

(C:\Full_TeX\texmf\tex\latex\cyrillic\cp1251.def
File: cp1251.def 1999/11/16 v1.0d Input encoding file
))
(C:\Full_TeX\texmf\tex\latex\amsmath\amsmath.sty
Package: amsmath 2013/01/14 v2.14 AMS math features
\@mathmargin=\skip43

For additional information on amsmath, use the `?' option.
(C:\Full_TeX\texmf\tex\latex\amsmath\amstext.sty
Package: amstext 2000/06/29 v2.01

(C:\Full_TeX\texmf\tex\latex\amsmath\amsgen.sty
File: amsgen.sty 1999/11/30 v2.0
\@emptytoks=\toks16
\ex@=\dimen103
))
(C:\Full_TeX\texmf\tex\latex\amsmath\amsbsy.sty
Package: amsbsy 1999/11/29 v1.2d
\pmbraise@=\dimen104
)
(C:\Full_TeX\texmf\tex\latex\amsmath\amsopn.sty
Package: amsopn 1999/12/14 v2.01 operator names
)
\inf@bad=\count87
LaTeX Info: Redefining \frac on input line 210.
\uproot@=\count88
\leftroot@=\count89
LaTeX Info: Redefining \overline on input line 306.
\classnum@=\count90
\DOTSCASE@=\count91
LaTeX Info: Redefining \ldots on input line 378.
LaTeX Info: Redefining \dots on input line 381.
LaTeX Info: Redefining \cdots on input line 466.
\Mathstrutbox@=\box26
\strutbox@=\box27
\big@size=\dimen105
LaTeX Font Info:    Redeclaring font encoding OML on input line 566.
LaTeX Font Info:    Redeclaring font encoding OMS on input line 567.
\macc@depth=\count92
\c@MaxMatrixCols=\count93
\dotsspace@=\muskip10
\c@parentequation=\count94
\dspbrk@lvl=\count95
\tag@help=\toks17
\row@=\count96
\column@=\count97
\maxfields@=\count98
\andhelp@=\toks18
\eqnshift@=\dimen106
\alignsep@=\dimen107
\tagshift@=\dimen108
\tagwidth@=\dimen109
\totwidth@=\dimen110
\lineht@=\dimen111
\@envbody=\toks19
\multlinegap=\skip44
\multlinetaggap=\skip45
\mathdisplay@stack=\toks20
LaTeX Info: Redefining \[ on input line 2665.
LaTeX Info: Redefining \] on input line 2666.
)
(C:\Full_TeX\texmf\tex\latex\amsfonts\amssymb.sty
Package: amssymb 2013/01/14 v3.01 AMS font symbols

(C:\Full_TeX\texmf\tex\latex\amsfonts\amsfonts.sty
Package: amsfonts 2013/01/14 v3.01 Basic AMSFonts support
\symAMSa=\mathgroup4
\symAMSb=\mathgroup5
LaTeX Font Info:    Overwriting math alphabet `\mathfrak' in version `bold'
(Font)                  U/euf/m/n --> U/euf/b/n on input line 106.
))
(C:\Full_TeX\texmf\tex\latex\graphics\graphicx.sty
Package: graphicx 1999/02/16 v1.0f Enhanced LaTeX Graphics (DPC,SPQR)

(C:\Full_TeX\texmf\tex\latex\graphics\keyval.sty
Package: keyval 1999/03/16 v1.13 key=value parser (DPC)
\KV@toks@=\toks21
)
(C:\Full_TeX\texmf\tex\latex\graphics\graphics.sty
Package: graphics 2009/02/05 v1.0o Standard LaTeX Graphics (DPC,SPQR)

(C:\Full_TeX\texmf\tex\latex\graphics\trig.sty
Package: trig 1999/03/16 v1.09 sin cos tan (DPC)
)
(C:\Full_TeX\texmf\tex\latex\00miktex\graphics.cfg
File: graphics.cfg 2007/01/18 v1.5 graphics configuration of teTeX/TeXLive
)
Package graphics Info: Driver file: pdftex.def on input line 91.

(C:\Full_TeX\texmf\tex\latex\pdftex-def\pdftex.def
File: pdftex.def 2011/05/27 v0.06d Graphics/color for pdfTeX

(C:\Full_TeX\texmf\tex\generic\oberdiek\infwarerr.sty
Package: infwarerr 2010/04/08 v1.3 Providing info/warning/error messages (HO)
)
(C:\Full_TeX\texmf\tex\generic\oberdiek\ltxcmds.sty
Package: ltxcmds 2011/11/09 v1.22 LaTeX kernel commands for general use (HO)
)
\Gread@gobject=\count99
))
\Gin@req@height=\dimen112
\Gin@req@width=\dimen113
)
("E:\10 sem\РјРµС‚РѕРґС‹ РІС‹С‡РёСЃР»РµРЅРёР№\lab2\lab2.aux")
LaTeX Font Info:    Checking defaults for OML/cmm/m/it on input line 17.
LaTeX Font Info:    ... okay on input line 17.
LaTeX Font Info:    Checking defaults for T1/cmr/m/n on input line 17.
LaTeX Font Info:    ... okay on input line 17.
LaTeX Font Info:    Checking defaults for OT1/cmr/m/n on input line 17.
LaTeX Font Info:    ... okay on input line 17.
LaTeX Font Info:    Checking defaults for OMS/cmsy/m/n on input line 17.
LaTeX Font Info:    ... okay on input line 17.
LaTeX Font Info:    Checking defaults for OMX/cmex/m/n on input line 17.
LaTeX Font Info:    ... okay on input line 17.
LaTeX Font Info:    Checking defaults for U/cmr/m/n on input line 17.
LaTeX Font Info:    ... okay on input line 17.
LaTeX Font Info:    Checking defaults for T2A/cmr/m/n on input line 17.
LaTeX Font Info:    ... okay on input line 17.

(C:\Full_TeX\texmf\tex\context\base\supp-pdf.mkii
[Loading MPS to PDF converter (version 2006.09.02).]
\scratchcounter=\count100
\scratchdimen=\dimen114
\scratchbox=\box28
\nofMPsegments=\count101
\nofMParguments=\count102
\everyMPshowfont=\toks22
\MPscratchCnt=\count103
\MPscratchDim=\dimen115
\MPnumerator=\count104
\makeMPintoPDFobject=\count105
\everyMPtoPDFconversion=\toks23
)
LaTeX Font Info:    Try loading font information for U+msa on input line 18.
 (C:\Full_TeX\texmf\tex\latex\amsfonts\umsa.fd
File: umsa.fd 2013/01/14 v3.01 AMS symbols A
)
LaTeX Font Info:    Try loading font information for U+msb on input line 18.

(C:\Full_TeX\texmf\tex\latex\amsfonts\umsb.fd
File: umsb.fd 2013/01/14 v3.01 AMS symbols B
) [1

{C:/Full_TeX/texmf/pdftex/config/pdftex.map}]
Underfull \hbox (badness 1983) in paragraph at lines 22--25
[]\T2A/cmr/m/n/10 Найти функцию $\OML/cmm/m/it/10 u\OT1/cmr/m/n/10 (\OML/cmm/m/
it/10 x; t\OT1/cmr/m/n/10 )$\T2A/cmr/m/n/10 , описывающую поперечные малые коле
бания
 []


Underfull \hbox (badness 1087) in paragraph at lines 22--25
\T2A/cmr/m/n/10 однородной струны длины $\OT1/cmr/m/n/10 1$\T2A/cmr/m/n/10 , ко
нцы которой движутся по заданным
 []


Underfull \hbox (badness 6978) in paragraph at lines 50--51
\T2A/cmr/m/n/10 производных конечными разностями, называют методом конечный
 []


Underfull \hbox (badness 6428) in paragraph at lines 52--53
[][]\T2A/cmr/m/n/10 Для решения задачи сеточным методом выберем равномерную
 []


Underfull \hbox (badness 1715) in paragraph at lines 52--53
\T2A/cmr/m/n/10 разностями. В результате дифференциальное уравнение сведется к
 []


Underfull \hbox (badness 1418) in paragraph at lines 65--66
\T2A/cmr/m/n/10 функции на нулевом слое. По начальным скоростям определяются
 []

[1]
Underfull \hbox (badness 1715) in paragraph at lines 76--77
\T2A/cmr/m/n/10 использовалось соотношение, обеспечивающее порядок аппроксимаци
и
 []

[2] <screen.jpg, id=24, 399.74344pt x 303.38344pt>
File: screen.jpg Graphic file (type jpg)
 <use screen.jpg>
Package pdftex.def Info: screen.jpg used on input line 90.
(pdftex.def)             Requested size: 455.24408pt x 345.52277pt.

Overfull \hbox (110.24408pt too wide) in paragraph at lines 90--91
 [][][] 
 []

[3 <E:/10 sem/РјРµС‚РѕРґС‹ РІС‹С‡РёСЃР»РµРЅРёР№/lab2/screen.jpg>]
("E:\10 sem\РјРµС‚РѕРґС‹ РІС‹С‡РёСЃР»РµРЅРёР№\lab2\lab2.aux") ) 
Here is how much of TeX's memory you used:
 2510 strings out of 493921
 29803 string characters out of 3150556
 83737 words of memory out of 3000000
 5784 multiletter control sequences out of 15000+200000
 15685 words of font info for 47 fonts, out of 3000000 for 9000
 841 hyphenation exceptions out of 8191
 27i,7n,26p,459b,268s stack positions out of 5000i,500n,10000p,200000b,50000s
{C:/Full_TeX/tex
mf/fonts/enc/dvips/cm-super/cm-super-t2a.enc}<C:/Full_TeX/texmf/fonts/type1/pub
lic/amsfonts/cm/cmex10.pfb><C:/Full_TeX/texmf/fonts/type1/public/amsfonts/cm/cm
mi10.pfb><C:/Full_TeX/texmf/fonts/type1/public/amsfonts/cm/cmmi7.pfb><C:/Full_T
eX/texmf/fonts/type1/public/amsfonts/cm/cmr10.pfb><C:/Full_TeX/texmf/fonts/type
1/public/amsfonts/cm/cmr7.pfb><C:/Full_TeX/texmf/fonts/type1/public/amsfonts/cm
/cmsy10.pfb><C:/Full_TeX/texmf/fonts/type1/public/amsfonts/cm/cmsy7.pfb><C:/Ful
l_TeX/texmf/fonts/type1/public/cm-super/sfbx1200.pfb><C:/Full_TeX/texmf/fonts/t
ype1/public/cm-super/sfbx1440.pfb><C:/Full_TeX/texmf/fonts/type1/public/cm-supe
r/sfrm1000.pfb><C:/Full_TeX/texmf/fonts/type1/public/cm-super/sfrm1200.pfb><C:/
Full_TeX/texmf/fonts/type1/public/cm-super/sfrm1728.pfb><C:/Full_TeX/texmf/font
s/type1/public/cm-super/sfsl1000.pfb>
Output written on lab2.pdf (4 pages, 225693 bytes).
PDF statistics:
 69 PDF objects out of 1000 (max. 8388607)
 0 named destinations out of 1000 (max. 500000)
 6 words of extra memory for PDF output out of 10000 (max. 10000000)

